                                 Started job on |	Sep 30 04:15:30
                             Started mapping on |	Sep 30 04:15:40
                                    Finished on |	Sep 30 05:22:01
       Mapping speed, Million of reads per hour |	61.08

                          Number of input reads |	67549715
                      Average input read length |	263
                                    UNIQUE READS:
                   Uniquely mapped reads number |	40346713
                        Uniquely mapped reads % |	59.73%
                          Average mapped length |	260.17
                       Number of splices: Total |	15972743
            Number of splices: Annotated (sjdb) |	15684061
                       Number of splices: GT/AG |	15815042
                       Number of splices: GC/AG |	79581
                       Number of splices: AT/AC |	7723
               Number of splices: Non-canonical |	70397
                      Mismatch rate per base, % |	0.37%
                         Deletion rate per base |	0.01%
                        Deletion average length |	2.86
                        Insertion rate per base |	0.03%
                       Insertion average length |	2.92
                             MULTI-MAPPING READS:
        Number of reads mapped to multiple loci |	13900410
             % of reads mapped to multiple loci |	20.58%
        Number of reads mapped to too many loci |	18835
             % of reads mapped to too many loci |	0.03%
                                  UNMAPPED READS:
  Number of reads unmapped: too many mismatches |	746098
       % of reads unmapped: too many mismatches |	1.10%
            Number of reads unmapped: too short |	12159605
                 % of reads unmapped: too short |	18.00%
                Number of reads unmapped: other |	378054
                     % of reads unmapped: other |	0.56%
                                  CHIMERIC READS:
                       Number of chimeric reads |	0
                            % of chimeric reads |	0.00%
