                                 Started job on |	Sep 30 00:39:37
                             Started mapping on |	Sep 30 00:39:48
                                    Finished on |	Sep 30 02:16:29
       Mapping speed, Million of reads per hour |	39.28

                          Number of input reads |	63299622
                      Average input read length |	262
                                    UNIQUE READS:
                   Uniquely mapped reads number |	28854852
                        Uniquely mapped reads % |	45.58%
                          Average mapped length |	255.63
                       Number of splices: Total |	7142407
            Number of splices: Annotated (sjdb) |	6964793
                       Number of splices: GT/AG |	7041579
                       Number of splices: GC/AG |	37206
                       Number of splices: AT/AC |	3358
               Number of splices: Non-canonical |	60264
                      Mismatch rate per base, % |	0.82%
                         Deletion rate per base |	0.02%
                        Deletion average length |	3.40
                        Insertion rate per base |	0.10%
                       Insertion average length |	3.92
                             MULTI-MAPPING READS:
        Number of reads mapped to multiple loci |	9752425
             % of reads mapped to multiple loci |	15.41%
        Number of reads mapped to too many loci |	6406
             % of reads mapped to too many loci |	0.01%
                                  UNMAPPED READS:
  Number of reads unmapped: too many mismatches |	1297304
       % of reads unmapped: too many mismatches |	2.05%
            Number of reads unmapped: too short |	23104914
                 % of reads unmapped: too short |	36.50%
                Number of reads unmapped: other |	283721
                     % of reads unmapped: other |	0.45%
                                  CHIMERIC READS:
                       Number of chimeric reads |	0
                            % of chimeric reads |	0.00%
