                                 Started job on |	Sep 30 04:40:27
                             Started mapping on |	Sep 30 04:40:40
                                    Finished on |	Sep 30 06:17:46
       Mapping speed, Million of reads per hour |	40.04

                          Number of input reads |	64791282
                      Average input read length |	258
                                    UNIQUE READS:
                   Uniquely mapped reads number |	33148148
                        Uniquely mapped reads % |	51.16%
                          Average mapped length |	261.12
                       Number of splices: Total |	9973651
            Number of splices: Annotated (sjdb) |	9739093
                       Number of splices: GT/AG |	9855341
                       Number of splices: GC/AG |	64191
                       Number of splices: AT/AC |	5721
               Number of splices: Non-canonical |	48398
                      Mismatch rate per base, % |	0.26%
                         Deletion rate per base |	0.02%
                        Deletion average length |	2.95
                        Insertion rate per base |	0.02%
                       Insertion average length |	2.32
                             MULTI-MAPPING READS:
        Number of reads mapped to multiple loci |	7980346
             % of reads mapped to multiple loci |	12.32%
        Number of reads mapped to too many loci |	14902
             % of reads mapped to too many loci |	0.02%
                                  UNMAPPED READS:
  Number of reads unmapped: too many mismatches |	347137
       % of reads unmapped: too many mismatches |	0.54%
            Number of reads unmapped: too short |	22947888
                 % of reads unmapped: too short |	35.42%
                Number of reads unmapped: other |	352861
                     % of reads unmapped: other |	0.54%
                                  CHIMERIC READS:
                       Number of chimeric reads |	0
                            % of chimeric reads |	0.00%
