                                 Started job on |	Sep 30 00:45:32
                             Started mapping on |	Sep 30 00:45:48
                                    Finished on |	Sep 30 02:17:32
       Mapping speed, Million of reads per hour |	45.83

                          Number of input reads |	70075863
                      Average input read length |	262
                                    UNIQUE READS:
                   Uniquely mapped reads number |	39085147
                        Uniquely mapped reads % |	55.78%
                          Average mapped length |	257.65
                       Number of splices: Total |	8800651
            Number of splices: Annotated (sjdb) |	8543895
                       Number of splices: GT/AG |	8666450
                       Number of splices: GC/AG |	57709
                       Number of splices: AT/AC |	4885
               Number of splices: Non-canonical |	71607
                      Mismatch rate per base, % |	0.70%
                         Deletion rate per base |	0.02%
                        Deletion average length |	3.06
                        Insertion rate per base |	0.07%
                       Insertion average length |	3.25
                             MULTI-MAPPING READS:
        Number of reads mapped to multiple loci |	9368521
             % of reads mapped to multiple loci |	13.37%
        Number of reads mapped to too many loci |	11242
             % of reads mapped to too many loci |	0.02%
                                  UNMAPPED READS:
  Number of reads unmapped: too many mismatches |	1486484
       % of reads unmapped: too many mismatches |	2.12%
            Number of reads unmapped: too short |	19780293
                 % of reads unmapped: too short |	28.23%
                Number of reads unmapped: other |	344176
                     % of reads unmapped: other |	0.49%
                                  CHIMERIC READS:
                       Number of chimeric reads |	0
                            % of chimeric reads |	0.00%
