                                 Started job on |	Sep 30 00:11:14
                             Started mapping on |	Sep 30 00:11:33
                                    Finished on |	Sep 30 01:28:08
       Mapping speed, Million of reads per hour |	44.42

                          Number of input reads |	56693050
                      Average input read length |	260
                                    UNIQUE READS:
                   Uniquely mapped reads number |	28679399
                        Uniquely mapped reads % |	50.59%
                          Average mapped length |	255.26
                       Number of splices: Total |	11855690
            Number of splices: Annotated (sjdb) |	11672559
                       Number of splices: GT/AG |	11738764
                       Number of splices: GC/AG |	53483
                       Number of splices: AT/AC |	4949
               Number of splices: Non-canonical |	58494
                      Mismatch rate per base, % |	0.50%
                         Deletion rate per base |	0.02%
                        Deletion average length |	3.15
                        Insertion rate per base |	0.06%
                       Insertion average length |	3.56
                             MULTI-MAPPING READS:
        Number of reads mapped to multiple loci |	13207045
             % of reads mapped to multiple loci |	23.30%
        Number of reads mapped to too many loci |	6849
             % of reads mapped to too many loci |	0.01%
                                  UNMAPPED READS:
  Number of reads unmapped: too many mismatches |	823621
       % of reads unmapped: too many mismatches |	1.45%
            Number of reads unmapped: too short |	13701472
                 % of reads unmapped: too short |	24.17%
                Number of reads unmapped: other |	274664
                     % of reads unmapped: other |	0.48%
                                  CHIMERIC READS:
                       Number of chimeric reads |	0
                            % of chimeric reads |	0.00%
