                                 Started job on |	Sep 30 03:42:04
                             Started mapping on |	Sep 30 03:42:19
                                    Finished on |	Sep 30 05:01:51
       Mapping speed, Million of reads per hour |	47.99

                          Number of input reads |	63609298
                      Average input read length |	259
                                    UNIQUE READS:
                   Uniquely mapped reads number |	33761359
                        Uniquely mapped reads % |	53.08%
                          Average mapped length |	258.09
                       Number of splices: Total |	17762212
            Number of splices: Annotated (sjdb) |	17507305
                       Number of splices: GT/AG |	17599844
                       Number of splices: GC/AG |	85016
                       Number of splices: AT/AC |	7436
               Number of splices: Non-canonical |	69916
                      Mismatch rate per base, % |	0.28%
                         Deletion rate per base |	0.01%
                        Deletion average length |	2.43
                        Insertion rate per base |	0.03%
                       Insertion average length |	2.65
                             MULTI-MAPPING READS:
        Number of reads mapped to multiple loci |	16036794
             % of reads mapped to multiple loci |	25.21%
        Number of reads mapped to too many loci |	7995
             % of reads mapped to too many loci |	0.01%
                                  UNMAPPED READS:
  Number of reads unmapped: too many mismatches |	425409
       % of reads unmapped: too many mismatches |	0.67%
            Number of reads unmapped: too short |	13117925
                 % of reads unmapped: too short |	20.62%
                Number of reads unmapped: other |	259816
                     % of reads unmapped: other |	0.41%
                                  CHIMERIC READS:
                       Number of chimeric reads |	0
                            % of chimeric reads |	0.00%
