                                 Started job on |	Sep 30 00:19:04
                             Started mapping on |	Sep 30 00:19:21
                                    Finished on |	Sep 30 01:41:01
       Mapping speed, Million of reads per hour |	41.79

                          Number of input reads |	56880205
                      Average input read length |	257
                                    UNIQUE READS:
                   Uniquely mapped reads number |	28537005
                        Uniquely mapped reads % |	50.17%
                          Average mapped length |	251.74
                       Number of splices: Total |	6507969
            Number of splices: Annotated (sjdb) |	6267281
                       Number of splices: GT/AG |	6401419
                       Number of splices: GC/AG |	48601
                       Number of splices: AT/AC |	4234
               Number of splices: Non-canonical |	53715
                      Mismatch rate per base, % |	0.63%
                         Deletion rate per base |	0.03%
                        Deletion average length |	3.27
                        Insertion rate per base |	0.06%
                       Insertion average length |	3.13
                             MULTI-MAPPING READS:
        Number of reads mapped to multiple loci |	7263944
             % of reads mapped to multiple loci |	12.77%
        Number of reads mapped to too many loci |	11525
             % of reads mapped to too many loci |	0.02%
                                  UNMAPPED READS:
  Number of reads unmapped: too many mismatches |	1033141
       % of reads unmapped: too many mismatches |	1.82%
            Number of reads unmapped: too short |	19616137
                 % of reads unmapped: too short |	34.49%
                Number of reads unmapped: other |	418453
                     % of reads unmapped: other |	0.74%
                                  CHIMERIC READS:
                       Number of chimeric reads |	0
                            % of chimeric reads |	0.00%
