                                 Started job on |	Sep 30 00:37:04
                             Started mapping on |	Sep 30 00:37:16
                                    Finished on |	Sep 30 01:38:14
       Mapping speed, Million of reads per hour |	57.49

                          Number of input reads |	58419176
                      Average input read length |	259
                                    UNIQUE READS:
                   Uniquely mapped reads number |	36698004
                        Uniquely mapped reads % |	62.82%
                          Average mapped length |	255.92
                       Number of splices: Total |	10929460
            Number of splices: Annotated (sjdb) |	10659963
                       Number of splices: GT/AG |	10787874
                       Number of splices: GC/AG |	78391
                       Number of splices: AT/AC |	6407
               Number of splices: Non-canonical |	56788
                      Mismatch rate per base, % |	0.45%
                         Deletion rate per base |	0.01%
                        Deletion average length |	2.55
                        Insertion rate per base |	0.04%
                       Insertion average length |	2.79
                             MULTI-MAPPING READS:
        Number of reads mapped to multiple loci |	6904134
             % of reads mapped to multiple loci |	11.82%
        Number of reads mapped to too many loci |	14331
             % of reads mapped to too many loci |	0.02%
                                  UNMAPPED READS:
  Number of reads unmapped: too many mismatches |	891678
       % of reads unmapped: too many mismatches |	1.53%
            Number of reads unmapped: too short |	13463897
                 % of reads unmapped: too short |	23.05%
                Number of reads unmapped: other |	447132
                     % of reads unmapped: other |	0.77%
                                  CHIMERIC READS:
                       Number of chimeric reads |	0
                            % of chimeric reads |	0.00%
