                                 Started job on |	Sep 30 03:33:43
                             Started mapping on |	Sep 30 03:33:58
                                    Finished on |	Sep 30 04:54:58
       Mapping speed, Million of reads per hour |	44.16

                          Number of input reads |	59618210
                      Average input read length |	263
                                    UNIQUE READS:
                   Uniquely mapped reads number |	35341862
                        Uniquely mapped reads % |	59.28%
                          Average mapped length |	261.92
                       Number of splices: Total |	13624929
            Number of splices: Annotated (sjdb) |	13356140
                       Number of splices: GT/AG |	13470890
                       Number of splices: GC/AG |	89851
                       Number of splices: AT/AC |	7777
               Number of splices: Non-canonical |	56411
                      Mismatch rate per base, % |	0.36%
                         Deletion rate per base |	0.01%
                        Deletion average length |	2.65
                        Insertion rate per base |	0.03%
                       Insertion average length |	2.62
                             MULTI-MAPPING READS:
        Number of reads mapped to multiple loci |	8226762
             % of reads mapped to multiple loci |	13.80%
        Number of reads mapped to too many loci |	12976
             % of reads mapped to too many loci |	0.02%
                                  UNMAPPED READS:
  Number of reads unmapped: too many mismatches |	683373
       % of reads unmapped: too many mismatches |	1.15%
            Number of reads unmapped: too short |	15080564
                 % of reads unmapped: too short |	25.30%
                Number of reads unmapped: other |	272673
                     % of reads unmapped: other |	0.46%
                                  CHIMERIC READS:
                       Number of chimeric reads |	0
                            % of chimeric reads |	0.00%
