                                 Started job on |	Sep 30 03:40:47
                             Started mapping on |	Sep 30 03:41:05
                                    Finished on |	Sep 30 05:06:41
       Mapping speed, Million of reads per hour |	46.17

                          Number of input reads |	65868239
                      Average input read length |	260
                                    UNIQUE READS:
                   Uniquely mapped reads number |	34463467
                        Uniquely mapped reads % |	52.32%
                          Average mapped length |	254.09
                       Number of splices: Total |	9449134
            Number of splices: Annotated (sjdb) |	9260620
                       Number of splices: GT/AG |	9327569
                       Number of splices: GC/AG |	47158
                       Number of splices: AT/AC |	3996
               Number of splices: Non-canonical |	70411
                      Mismatch rate per base, % |	0.82%
                         Deletion rate per base |	0.02%
                        Deletion average length |	3.95
                        Insertion rate per base |	0.09%
                       Insertion average length |	3.29
                             MULTI-MAPPING READS:
        Number of reads mapped to multiple loci |	11001428
             % of reads mapped to multiple loci |	16.70%
        Number of reads mapped to too many loci |	4627
             % of reads mapped to too many loci |	0.01%
                                  UNMAPPED READS:
  Number of reads unmapped: too many mismatches |	1776459
       % of reads unmapped: too many mismatches |	2.70%
            Number of reads unmapped: too short |	18364518
                 % of reads unmapped: too short |	27.88%
                Number of reads unmapped: other |	257740
                     % of reads unmapped: other |	0.39%
                                  CHIMERIC READS:
                       Number of chimeric reads |	0
                            % of chimeric reads |	0.00%
