                                 Started job on |	Sep 30 04:30:47
                             Started mapping on |	Sep 30 04:30:58
                                    Finished on |	Sep 30 05:46:39
       Mapping speed, Million of reads per hour |	46.14

                          Number of input reads |	58200998
                      Average input read length |	255
                                    UNIQUE READS:
                   Uniquely mapped reads number |	28605771
                        Uniquely mapped reads % |	49.15%
                          Average mapped length |	248.85
                       Number of splices: Total |	5567711
            Number of splices: Annotated (sjdb) |	5388891
                       Number of splices: GT/AG |	5458109
                       Number of splices: GC/AG |	42559
                       Number of splices: AT/AC |	3949
               Number of splices: Non-canonical |	63094
                      Mismatch rate per base, % |	0.91%
                         Deletion rate per base |	0.03%
                        Deletion average length |	3.35
                        Insertion rate per base |	0.11%
                       Insertion average length |	3.67
                             MULTI-MAPPING READS:
        Number of reads mapped to multiple loci |	7109706
             % of reads mapped to multiple loci |	12.22%
        Number of reads mapped to too many loci |	8962
             % of reads mapped to too many loci |	0.02%
                                  UNMAPPED READS:
  Number of reads unmapped: too many mismatches |	1539874
       % of reads unmapped: too many mismatches |	2.65%
            Number of reads unmapped: too short |	20572267
                 % of reads unmapped: too short |	35.35%
                Number of reads unmapped: other |	364418
                     % of reads unmapped: other |	0.63%
                                  CHIMERIC READS:
                       Number of chimeric reads |	0
                            % of chimeric reads |	0.00%
